2026-05-23T09:51:37.347150672Z ==> Your service is live 🎉
2026-05-23T09:51:37.561521453Z ==> 
2026-05-23T09:51:37.563998245Z ==> ///////////////////////////////////////////////////////////
2026-05-23T09:51:37.570317508Z ==> 
2026-05-23T09:51:37.572752908Z ==> Available at your primary URL https://b6-remote-server-kaggle-2026.onrender.com
2026-05-23T09:51:37.574843362Z ==> 
2026-05-23T09:51:37.576960007Z ==> ///////////////////////////////////////////////////////////
2026-05-23T09:52:10.296842654Z 2026-05-23 09:52:10,296 - [INFO] - RemoteCoordinator - Tiếp nhận dữ liệu từ Job [broccoli-01] | Phân loại: start | Trạng thái: started
2026-05-23T09:52:10.297075232Z INFO:     34.7.54.199:0 - "POST /webhook/notebook HTTP/1.1" 200 OK
2026-05-23T09:52:35.692536622Z 2026-05-23 09:52:35,692 - [INFO] - RemoteCoordinator - Tiếp nhận dữ liệu từ Job [broccoli-01] | Phân loại: start | Trạng thái: completed
2026-05-23T09:52:35.692588315Z 2026-05-23 09:52:35,692 - [INFO] - RemoteCoordinator - Hệ thống sẽ thực hiện quá trình gọi ngầm notebook tiếp theo: hipbiquang/translate-srt-flow
2026-05-23T09:52:35.692787751Z INFO:     34.7.54.199:0 - "POST /webhook/notebook HTTP/1.1" 200 OK
2026-05-23T09:52:35.693064412Z 2026-05-23 09:52:35,692 - [INFO] - RemoteCoordinator - Đang sử dụng tài khoản [hipbiquang] để kích hoạt notebook: hipbiquang/translate-srt-flow
2026-05-23T09:52:36.390505877Z INFO:     Shutting down
2026-05-23T09:52:36.490955067Z INFO:     Waiting for application shutdown.
2026-05-23T09:52:36.49108197Z INFO:     Application shutdown complete.
2026-05-23T09:52:36.491149111Z INFO:     Finished server process [57]
2026-05-23T09:52:41.993479088Z 2026-05-23 09:52:41,993 - [INFO] - RemoteCoordinator - Pull metadata [hipbiquang/translate-srt-flow] stdout: Source code and metadata downloaded to /opt/render/project/src/tmp/hipbiquang_translate-srt-flow
2026-05-23T09:52:45.194088815Z 2026-05-23 09:52:45,193 - [INFO] - RemoteCoordinator - Pull notebook [hipbiquang/translate-srt-flow] stdout: Source code downloaded to /opt/render/project/src/tmp/hipbiquang_translate-srt-flow/translate-srt-flow.ipynb
2026-05-23T09:52:45.194327734Z 2026-05-23 09:52:45,194 - [INFO] - RemoteCoordinator - Đã chuẩn hóa kernel-metadata.json cho hipbiquang/translate-srt-flow
2026-05-23T09:52:50.090988378Z 2026-05-23 09:52:50,090 - [INFO] - RemoteCoordinator - Push [hipbiquang/translate-srt-flow] stdout: Kernel version 5 successfully pushed.  Please check progress at https://www.kaggle.com/code/hipbiquang/translate-srt-flow
2026-05-23T09:52:50.091022511Z 2026-05-23 09:52:50,090 - [INFO] - RemoteCoordinator - Đã kích hoạt thành công tiến trình thực thi cho notebook: hipbiquang/translate-srt-flow
2026-05-23T09:52:50.091495917Z 2026-05-23 09:52:50,091 - [INFO] - RemoteCoordinator - Đã dọn dẹp thư mục tạm thời: hipbiquang_translate-srt-flow
2026-05-23T09:53:02.335231554Z 2026-05-23 09:53:02,335 - [INFO] - RemoteCoordinator - Tiếp nhận dữ liệu từ Job [broccoli-01] | Phân loại: mid | Trạng thái: started
2026-05-23T09:53:02.335580061Z INFO:     34.21.3.209:0 - "POST /webhook/notebook HTTP/1.1" 200 OK
2026-05-23T09:53:58.458152356Z 2026-05-23 09:53:58,457 - [INFO] - RemoteCoordinator - Tiếp nhận dữ liệu từ Job [broccoli-01] | Phân loại: mid | Trạng thái: completed
2026-05-23T09:53:58.458199879Z 2026-05-23 09:53:58,458 - [INFO] - RemoteCoordinator - Hệ thống sẽ thực hiện quá trình gọi ngầm notebook tiếp theo: vanphongg/omnivoice-speech-flow
2026-05-23T09:53:58.458487071Z INFO:     34.21.3.209:0 - "POST /webhook/notebook HTTP/1.1" 200 OK
2026-05-23T09:53:58.458772404Z 2026-05-23 09:53:58,458 - [INFO] - RemoteCoordinator - Đang sử dụng tài khoản [vanphongg] để kích hoạt notebook: vanphongg/omnivoice-speech-flow
2026-05-23T09:54:01.703149746Z 2026-05-23 09:54:01,700 - [INFO] - RemoteCoordinator - Pull metadata [vanphongg/omnivoice-speech-flow] stdout: Source code and metadata downloaded to /opt/render/project/src/tmp/vanphongg_omnivoice-speech-flow
2026-05-23T09:54:06.197014591Z 2026-05-23 09:54:06,196 - [INFO] - RemoteCoordinator - Pull notebook [vanphongg/omnivoice-speech-flow] stdout: Source code downloaded to /opt/render/project/src/tmp/vanphongg_omnivoice-speech-flow/omnivoice-speech-flow.ipynb
2026-05-23T09:54:06.197036402Z 2026-05-23 09:54:06,196 - [INFO] - RemoteCoordinator - Đã chuẩn hóa kernel-metadata.json cho vanphongg/omnivoice-speech-flow
2026-05-23T09:54:10.694006847Z 2026-05-23 09:54:10,693 - [INFO] - RemoteCoordinator - Push [vanphongg/omnivoice-speech-flow] stdout: Kernel version 2 successfully pushed.  Please check progress at https://www.kaggle.com/code/vanphongg/omnivoice-speech-flow
2026-05-23T09:54:10.694028219Z 2026-05-23 09:54:10,693 - [INFO] - RemoteCoordinator - Đã kích hoạt thành công tiến trình thực thi cho notebook: vanphongg/omnivoice-speech-flow
2026-05-23T09:54:10.694033989Z 2026-05-23 09:54:10,693 - [INFO] - RemoteCoordinator - Đã dọn dẹp thư mục tạm thời: vanphongg_omnivoice-speech-flow
2026-05-23T09:54:21.619584622Z 2026-05-23 09:54:21,619 - [INFO] - RemoteCoordinator - Tiếp nhận dữ liệu từ Job [broccoli-01] | Phân loại: end | Trạng thái: started
2026-05-23T09:54:21.619785447Z INFO:     104.155.197.71:0 - "POST /webhook/notebook HTTP/1.1" 200 OK
2026-05-23T09:55:02.647759124Z 2026-05-23 09:55:02,647 - [INFO] - RemoteCoordinator - Healthcheck pinged. Hệ thống hoạt động bình thường.
2026-05-23T09:55:02.648156595Z INFO:     171.250.164.7:0 - "GET /healthcheck HTTP/1.1" 200 OK
2026-05-23T09:56:40.420239606Z ==> Detected service running on port 10000